<?xml version="1.0" encoding="UTF-8"?>
<testsuite xmlns:xsi="http://www.w3.org/2001/XMLSchema-instance" xsi:noNamespaceSchemaLocation="https://maven.apache.org/surefire/maven-surefire-plugin/xsd/surefire-test-report.xsd" name="io.github.jonathanlink.PDFLayoutTextStripperTest" time="1.812" tests="3" errors="0" skipped="0" failures="0">
  <properties>
[...]
</properties>
  <testcase name="parseForm" classname="io.github.jonathanlink.PDFLayoutTextStripperTest" time="0.917"/>
  <testcase name="parseTable" classname="io.github.jonathanlink.PDFLayoutTextStripperTest" time="0.824"/>
  <testcase name="parseMystery" classname="io.github.jonathanlink.PDFLayoutTextStripperTest" time="0.042"/>
</testsuite>